[2020-09-23T14:22:59.620] [DEBUG] cheese - login => username:admin,password:123456
[2020-09-23T14:22:59.622] [DEBUG] cheese - admin
[2020-09-23T14:22:59.685] [DEBUG] cheese - null
[2020-09-23T14:22:59.686] [DEBUG] cheese - null
[2020-09-23T14:23:22.666] [DEBUG] cheese - login => username:admin,password:123456
[2020-09-23T14:23:22.666] [DEBUG] cheese - admin
[2020-09-23T14:23:22.670] [DEBUG] cheese - null
[2020-09-23T14:23:22.670] [DEBUG] cheese - null
[2020-09-23T14:25:29.354] [DEBUG] cheese - login => username:admin,password:123456
[2020-09-23T14:25:29.354] [DEBUG] cheese - admin
[2020-09-23T14:25:29.358] [DEBUG] cheese - null
[2020-09-23T14:25:29.358] [DEBUG] cheese - null
[2020-09-23T14:25:34.310] [DEBUG] cheese - login => username:1111,password:123456
[2020-09-23T14:25:34.310] [DEBUG] cheese - 1111
[2020-09-23T14:25:34.315] [DEBUG] cheese - null
[2020-09-23T14:25:34.315] [DEBUG] cheese - null
[2020-09-23T14:25:42.279] [DEBUG] cheese - login => username:admin,password:123456
[2020-09-23T14:25:42.279] [DEBUG] cheese - admin
[2020-09-23T14:25:42.282] [DEBUG] cheese - null
[2020-09-23T14:25:42.282] [DEBUG] cheese - null
[2020-09-23T14:30:57.624] [DEBUG] cheese - login => username:admin,password:123456111111
[2020-09-23T14:30:57.624] [DEBUG] cheese - admin
[2020-09-23T14:30:57.629] [DEBUG] cheese - null
[2020-09-23T14:30:57.629] [DEBUG] cheese - null
[2020-09-23T14:31:01.952] [DEBUG] cheese - login => username:admin,password:123456
[2020-09-23T14:31:01.952] [DEBUG] cheese - admin
[2020-09-23T14:31:01.955] [DEBUG] cheese - null
[2020-09-23T14:31:01.955] [DEBUG] cheese - null
[2020-09-23T14:35:01.100] [DEBUG] cheese - login => username:admin,password:123456
[2020-09-23T14:35:01.100] [DEBUG] cheese - admin
[2020-09-23T14:35:01.104] [DEBUG] cheese - null
[2020-09-23T14:35:01.104] [DEBUG] cheese - null
[2020-09-23T14:35:04.258] [DEBUG] cheese - login => username:admin,password:12345611
[2020-09-23T14:35:04.258] [DEBUG] cheese - admin
[2020-09-23T14:35:04.262] [DEBUG] cheese - null
[2020-09-23T14:35:04.262] [DEBUG] cheese - null
[2020-09-23T14:35:09.888] [DEBUG] cheese - login => username:admin,password:123456
[2020-09-23T14:35:09.888] [DEBUG] cheese - admin
[2020-09-23T14:35:09.892] [DEBUG] cheese - null
[2020-09-23T14:35:09.892] [DEBUG] cheese - null
[2020-09-23T14:44:31.365] [DEBUG] cheese - login => username:admin,password:123456
[2020-09-23T14:44:31.365] [DEBUG] cheese - admin
[2020-09-23T14:44:31.368] [DEBUG] cheese - null
[2020-09-23T14:44:31.368] [DEBUG] cheese - null
[2020-09-23T14:45:01.334] [DEBUG] cheese - login => username:admin,password:123456
[2020-09-23T14:45:01.334] [DEBUG] cheese - admin
[2020-09-23T14:45:01.337] [DEBUG] cheese - null
[2020-09-23T14:45:01.338] [DEBUG] cheese - null
[2020-09-23T14:46:51.023] [DEBUG] cheese - login => username:admin,password:123456
[2020-09-23T14:46:51.024] [DEBUG] cheese - admin
[2020-09-23T14:46:51.027] [DEBUG] cheese - null
[2020-09-23T14:46:51.027] [DEBUG] cheese - null
[2020-09-23T14:46:53.360] [DEBUG] cheese - login => username:admin,password:123456
[2020-09-23T14:46:53.360] [DEBUG] cheese - admin
[2020-09-23T14:46:53.363] [DEBUG] cheese - null
[2020-09-23T14:46:53.364] [DEBUG] cheese - null
[2020-09-23T14:47:10.757] [DEBUG] cheese - login => username:admin,password:123456
[2020-09-23T14:47:10.757] [DEBUG] cheese - admin
[2020-09-23T14:47:10.760] [DEBUG] cheese - null
[2020-09-23T14:47:10.760] [DEBUG] cheese - null
[2020-09-23T14:49:28.190] [DEBUG] cheese - login => username:admin,password:123456
[2020-09-23T14:49:28.190] [DEBUG] cheese - admin
[2020-09-23T14:49:28.194] [DEBUG] cheese - null
[2020-09-23T14:49:28.194] [DEBUG] cheese - null
[2020-09-23T14:50:08.444] [DEBUG] cheese - login => username:admin,password:123456
[2020-09-23T14:50:08.444] [DEBUG] cheese - admin
[2020-09-23T14:50:08.446] [DEBUG] cheese - null
[2020-09-23T14:50:08.446] [DEBUG] cheese - null
[2020-09-23T15:06:56.864] [DEBUG] cheese - login => username:admin,password:123456
[2020-09-23T15:06:56.864] [DEBUG] cheese - admin
[2020-09-23T15:06:56.902] [DEBUG] cheese - null
[2020-09-23T15:06:56.902] [DEBUG] cheese - null
[2020-09-23T15:10:59.346] [DEBUG] cheese - login => username:admin,password:123456
[2020-09-23T15:10:59.346] [DEBUG] cheese - admin
[2020-09-23T15:10:59.349] [DEBUG] cheese - null
[2020-09-23T15:10:59.349] [DEBUG] cheese - null
[2020-09-23T15:11:03.630] [DEBUG] cheese - login => username:admin,password:123456
[2020-09-23T15:11:03.630] [DEBUG] cheese - admin
[2020-09-23T15:11:03.633] [DEBUG] cheese - null
[2020-09-23T15:11:03.633] [DEBUG] cheese - null
[2020-09-23T15:43:02.015] [DEBUG] cheese - login => username:admin,password:123456
[2020-09-23T15:43:02.019] [DEBUG] cheese - admin
[2020-09-23T15:43:02.053] [DEBUG] cheese - null
[2020-09-23T15:43:02.054] [DEBUG] cheese - null
[2020-09-23T16:02:04.642] [DEBUG] cheese - login => username:admin,password:123456
[2020-09-23T16:02:04.642] [DEBUG] cheese - admin
[2020-09-23T16:02:04.646] [DEBUG] cheese - null
[2020-09-23T16:02:04.646] [DEBUG] cheese - null
[2020-09-23T16:18:29.628] [DEBUG] cheese - login => username:admin,password:123456
[2020-09-23T16:18:29.628] [DEBUG] cheese - admin
[2020-09-23T16:18:29.632] [DEBUG] cheese - null
[2020-09-23T16:18:29.632] [DEBUG] cheese - null
[2020-09-23T16:19:03.367] [DEBUG] cheese - login => username:admin,password:123456
[2020-09-23T16:19:03.367] [DEBUG] cheese - admin
[2020-09-23T16:19:03.370] [DEBUG] cheese - null
[2020-09-23T16:19:03.370] [DEBUG] cheese - null
[2020-09-23T16:26:00.283] [DEBUG] cheese - login => username:admin,password:123456
[2020-09-23T16:26:00.283] [DEBUG] cheese - admin
[2020-09-23T16:26:00.287] [DEBUG] cheese - null
[2020-09-23T16:26:00.287] [DEBUG] cheese - null
[2020-09-23T17:23:09.192] [DEBUG] cheese - login => username:admin,password:123456
[2020-09-23T17:23:09.193] [DEBUG] cheese - admin
[2020-09-23T17:23:09.199] [DEBUG] cheese - null
[2020-09-23T17:23:09.199] [DEBUG] cheese - null
[2020-09-23T17:23:50.187] [DEBUG] cheese - login => username:admin,password:123456
[2020-09-23T17:23:50.188] [DEBUG] cheese - admin
[2020-09-23T17:23:50.193] [DEBUG] cheese - null
[2020-09-23T17:23:50.193] [DEBUG] cheese - null
[2020-09-23T17:24:56.368] [DEBUG] cheese - login => username:admin,password:123456
[2020-09-23T17:24:56.368] [DEBUG] cheese - admin
[2020-09-23T17:24:56.374] [DEBUG] cheese - null
[2020-09-23T17:24:56.374] [DEBUG] cheese - null
[2020-09-23T17:25:24.845] [DEBUG] cheese - login => username:admin,password:123456
[2020-09-23T17:25:24.845] [DEBUG] cheese - admin
[2020-09-23T17:25:24.849] [DEBUG] cheese - null
[2020-09-23T17:25:24.849] [DEBUG] cheese - null
[2020-09-23T17:26:01.609] [DEBUG] cheese - login => username:admin,password:123456
[2020-09-23T17:26:01.609] [DEBUG] cheese - admin
[2020-09-23T17:26:01.614] [DEBUG] cheese - null
[2020-09-23T17:26:01.614] [DEBUG] cheese - null
[2020-09-23T17:26:20.318] [DEBUG] cheese - login => username:admin,password:123456
[2020-09-23T17:26:20.318] [DEBUG] cheese - admin
[2020-09-23T17:26:20.325] [DEBUG] cheese - null
[2020-09-23T17:26:20.325] [DEBUG] cheese - null
[2020-09-23T17:32:14.076] [DEBUG] cheese - login => username:admin,password:123456
[2020-09-23T17:32:14.076] [DEBUG] cheese - admin
[2020-09-23T17:32:14.082] [DEBUG] cheese - null
[2020-09-23T17:32:14.082] [DEBUG] cheese - null
[2020-09-23T17:38:25.444] [DEBUG] cheese - login => username:admin,password:123456
[2020-09-23T17:38:25.444] [DEBUG] cheese - admin
[2020-09-23T17:38:25.449] [DEBUG] cheese - null
[2020-09-23T17:38:25.450] [DEBUG] cheese - null
[2020-09-23T17:47:35.386] [DEBUG] cheese - login => username:admin,password:123456
[2020-09-23T17:47:35.387] [DEBUG] cheese - admin
[2020-09-23T17:47:35.392] [DEBUG] cheese - null
[2020-09-23T17:47:35.392] [DEBUG] cheese - null
[2020-09-23T17:58:02.927] [DEBUG] cheese - login => username:admin,password:123456
[2020-09-23T17:58:02.927] [DEBUG] cheese - admin
[2020-09-23T17:58:02.934] [DEBUG] cheese - null
[2020-09-23T17:58:02.934] [DEBUG] cheese - null
[2020-09-23T21:46:49.721] [DEBUG] cheese - login => username:admin,password:123456
[2020-09-23T21:46:49.737] [DEBUG] cheese - admin
[2020-09-23T21:46:49.777] [DEBUG] cheese - null
[2020-09-23T21:46:49.777] [DEBUG] cheese - null
[2020-09-24T10:54:58.105] [DEBUG] cheese - login => username:admin,password:123456
[2020-09-24T10:54:58.113] [DEBUG] cheese - admin
[2020-09-24T10:54:58.153] [DEBUG] cheese - null
[2020-09-24T10:54:58.154] [DEBUG] cheese - null
[2020-09-24T19:25:05.728] [DEBUG] cheese - login => username:admin,password:123456
[2020-09-24T19:25:05.730] [DEBUG] cheese - admin
[2020-09-24T19:25:05.753] [DEBUG] cheese - null
[2020-09-24T19:25:05.754] [DEBUG] cheese - null
[2020-09-24T19:26:28.531] [DEBUG] cheese - login => username:admin,password:123456
[2020-09-24T19:26:28.531] [DEBUG] cheese - admin
[2020-09-24T19:26:28.534] [DEBUG] cheese - null
[2020-09-24T19:26:28.534] [DEBUG] cheese - null
[2020-09-24T19:26:37.712] [DEBUG] cheese - login => username:admin,password:123456
[2020-09-24T19:26:37.712] [DEBUG] cheese - admin
[2020-09-24T19:26:37.715] [DEBUG] cheese - null
[2020-09-24T19:26:37.715] [DEBUG] cheese - null
[2020-09-24T19:29:40.948] [DEBUG] cheese - login => username:admin,password:123456
[2020-09-24T19:29:40.948] [DEBUG] cheese - admin
[2020-09-24T19:29:40.951] [DEBUG] cheese - null
[2020-09-24T19:29:40.952] [DEBUG] cheese - null
[2020-09-24T19:32:02.250] [DEBUG] cheese - login => username:admin,password:123456
[2020-09-24T19:32:02.250] [DEBUG] cheese - admin
[2020-09-24T19:32:02.254] [DEBUG] cheese - null
[2020-09-24T19:32:02.254] [DEBUG] cheese - null
[2020-09-24T19:33:17.108] [DEBUG] cheese - login => username:admin,password:123456
[2020-09-24T19:33:17.108] [DEBUG] cheese - admin
[2020-09-24T19:33:17.110] [DEBUG] cheese - null
[2020-09-24T19:33:17.111] [DEBUG] cheese - null
[2020-09-24T20:23:42.974] [DEBUG] cheese - login => username:admin,password:123456
[2020-09-24T20:23:42.975] [DEBUG] cheese - admin
[2020-09-24T20:23:42.979] [DEBUG] cheese - null
[2020-09-24T20:23:42.980] [DEBUG] cheese - null
[2020-09-25T09:24:36.263] [DEBUG] cheese - login => username:admin,password:123456
[2020-09-25T09:24:36.266] [DEBUG] cheese - admin
[2020-09-25T09:24:36.288] [DEBUG] cheese - null
[2020-09-25T09:24:36.289] [DEBUG] cheese - null
[2020-09-25T11:24:22.139] [DEBUG] cheese - login => username:admin,password:123456
[2020-09-25T11:24:22.139] [DEBUG] cheese - admin
[2020-09-25T11:24:22.144] [DEBUG] cheese - null
[2020-09-25T11:24:22.144] [DEBUG] cheese - null
[2020-09-25T11:26:46.614] [DEBUG] cheese - login => username:admin,password:123456
[2020-09-25T11:26:46.614] [DEBUG] cheese - admin
[2020-09-25T11:26:46.617] [DEBUG] cheese - null
[2020-09-25T11:26:46.617] [DEBUG] cheese - null
[2020-09-25T15:41:12.080] [DEBUG] cheese - login => username:admin,password:123456
[2020-09-25T15:41:12.081] [DEBUG] cheese - admin
[2020-09-25T15:41:12.085] [DEBUG] cheese - null
[2020-09-25T15:41:12.085] [DEBUG] cheese - null
[2020-09-27T08:58:08.216] [DEBUG] cheese - login => username:admin,password:123456
[2020-09-27T08:58:08.219] [DEBUG] cheese - admin
[2020-09-27T08:58:08.410] [DEBUG] cheese - null
[2020-09-27T08:58:08.412] [DEBUG] cheese - null
[2020-09-27T09:39:03.034] [DEBUG] cheese - null
[2020-09-27T09:39:46.170] [DEBUG] cheese - null
[2020-09-27T09:41:04.426] [DEBUG] cheese - null
[2020-09-27T09:41:35.498] [DEBUG] cheese - null
[2020-09-27T09:41:41.983] [DEBUG] cheese - null
[2020-09-27T09:41:48.255] [DEBUG] cheese - null
[2020-09-27T11:41:28.175] [DEBUG] cheese - login => username:admin,password:123456
[2020-09-27T11:41:28.176] [DEBUG] cheese - admin
[2020-09-27T11:41:28.179] [DEBUG] cheese - null
[2020-09-27T11:41:28.180] [DEBUG] cheese - null
[2020-09-27T15:00:47.777] [DEBUG] cheese - login => username:admin,password:123456
[2020-09-27T15:00:47.778] [DEBUG] cheese - admin
[2020-09-27T15:00:47.784] [DEBUG] cheese - null
[2020-09-27T15:00:47.784] [DEBUG] cheese - null
[2020-09-27T17:03:25.620] [DEBUG] cheese - login => username:admin,password:123456
[2020-09-27T17:03:25.621] [DEBUG] cheese - admin
[2020-09-27T17:03:25.631] [DEBUG] cheese - null
[2020-09-27T17:03:25.632] [DEBUG] cheese - null
[2020-09-28T08:50:18.014] [DEBUG] cheese - login => username:admin,password:123456
[2020-09-28T08:50:18.019] [DEBUG] cheese - admin
[2020-09-28T08:50:18.054] [DEBUG] cheese - null
[2020-09-28T08:50:18.056] [DEBUG] cheese - null
[2020-09-28T17:31:48.351] [DEBUG] cheese - login => username:admin,password:123456
[2020-09-28T17:31:48.351] [DEBUG] cheese - admin
[2020-09-28T17:31:48.357] [DEBUG] cheese - null
[2020-09-28T17:31:48.357] [DEBUG] cheese - null
[2020-09-28T17:39:54.271] [DEBUG] cheese - login => username:admin,password:123456
[2020-09-28T17:39:54.271] [DEBUG] cheese - admin
[2020-09-28T17:39:54.279] [DEBUG] cheese - null
[2020-09-28T17:39:54.279] [DEBUG] cheese - null
[2020-09-29T09:00:00.876] [DEBUG] cheese - login => username:admin,password:123456
[2020-09-29T09:00:00.881] [DEBUG] cheese - admin
[2020-09-29T09:00:00.924] [DEBUG] cheese - null
[2020-09-29T09:00:00.925] [DEBUG] cheese - null
[2020-09-29T18:06:19.282] [DEBUG] cheese - login => username:admin,password:123456
[2020-09-29T18:06:19.282] [DEBUG] cheese - admin
[2020-09-29T18:06:19.292] [DEBUG] cheese - null
[2020-09-29T18:06:19.292] [DEBUG] cheese - null
[2020-09-30T09:17:07.331] [DEBUG] cheese - login => username:admin,password:123456
[2020-09-30T09:17:07.337] [DEBUG] cheese - admin
[2020-09-30T09:17:07.387] [DEBUG] cheese - null
[2020-09-30T09:17:07.389] [DEBUG] cheese - null
[2020-09-30T15:11:46.445] [DEBUG] cheese - null
[2020-09-30T15:35:17.152] [DEBUG] cheese - null
[2020-09-30T15:41:52.188] [DEBUG] cheese - null
[2020-09-30T15:42:57.197] [DEBUG] cheese - null
[2020-09-30T15:44:55.129] [DEBUG] cheese - null
[2020-09-30T15:50:50.079] [DEBUG] cheese - null
[2020-09-30T15:56:10.818] [DEBUG] cheese - null
[2020-09-30T17:37:22.239] [DEBUG] cheese - login => username:admin,password:123456
[2020-09-30T17:37:22.240] [DEBUG] cheese - admin
[2020-09-30T17:37:22.252] [DEBUG] cheese - null
[2020-09-30T17:37:22.252] [DEBUG] cheese - null
[2020-09-30T17:51:36.106] [DEBUG] cheese - null
[2020-09-30T17:53:22.169] [DEBUG] cheese - login => username:admin,password:123456
[2020-09-30T17:53:22.173] [DEBUG] cheese - admin
[2020-09-30T17:53:22.208] [DEBUG] cheese - null
[2020-09-30T17:53:22.209] [DEBUG] cheese - null
[2020-09-30T18:02:55.108] [DEBUG] cheese - login => username:admin,password:123456
[2020-09-30T18:02:55.108] [DEBUG] cheese - admin
[2020-09-30T18:02:55.113] [DEBUG] cheese - null
[2020-09-30T18:02:55.113] [DEBUG] cheese - null
[2020-10-09T09:05:20.480] [DEBUG] cheese - login => username:admin,password:123456
[2020-10-09T09:05:20.487] [DEBUG] cheese - admin
[2020-10-09T09:05:20.669] [DEBUG] cheese - null
[2020-10-09T09:05:20.670] [DEBUG] cheese - null
[2020-10-09T09:18:26.414] [DEBUG] cheese - null
[2020-10-09T09:21:16.215] [DEBUG] cheese - null
[2020-10-09T09:22:09.339] [DEBUG] cheese - null
[2020-10-09T09:22:57.592] [DEBUG] cheese - null
[2020-10-09T13:54:25.465] [DEBUG] cheese - login => username:admin,password:123456
[2020-10-09T13:54:25.469] [DEBUG] cheese - admin
[2020-10-09T13:54:25.938] [DEBUG] cheese - null
[2020-10-09T13:54:25.938] [DEBUG] cheese - null
[2020-10-09T13:56:08.021] [DEBUG] cheese - login => username:admin,password:123456
[2020-10-09T13:56:08.021] [DEBUG] cheese - admin
[2020-10-09T13:56:08.023] [DEBUG] cheese - null
[2020-10-09T13:56:08.023] [DEBUG] cheese - null
[2020-10-09T14:09:13.286] [DEBUG] cheese - login => username:admin,password:123456
[2020-10-09T14:09:13.286] [DEBUG] cheese - admin
[2020-10-09T14:09:13.291] [DEBUG] cheese - null
[2020-10-09T14:09:13.291] [DEBUG] cheese - null
[2020-10-09T14:30:11.699] [DEBUG] cheese - login => username:admin,password:password
[2020-10-09T14:30:11.699] [DEBUG] cheese - admin
[2020-10-09T14:30:11.704] [DEBUG] cheese - null
[2020-10-09T14:30:11.704] [DEBUG] cheese - null
[2020-10-09T14:30:31.115] [DEBUG] cheese - login => username:admin,password:password
[2020-10-09T14:30:31.115] [DEBUG] cheese - admin
[2020-10-09T14:30:31.120] [DEBUG] cheese - null
[2020-10-09T14:30:31.120] [DEBUG] cheese - null
[2020-10-09T14:30:42.008] [DEBUG] cheese - login => username:admin,password:password
[2020-10-09T14:30:42.008] [DEBUG] cheese - admin
[2020-10-09T14:30:42.011] [DEBUG] cheese - null
[2020-10-09T14:30:42.011] [DEBUG] cheese - null
[2020-10-09T14:31:18.428] [DEBUG] cheese - login => username:admin,password:123456
[2020-10-09T14:31:18.428] [DEBUG] cheese - admin
[2020-10-09T14:31:18.432] [DEBUG] cheese - null
[2020-10-09T14:31:18.433] [DEBUG] cheese - null
[2020-10-09T15:11:33.066] [DEBUG] cheese - login => username:admin,password:password
[2020-10-09T15:11:33.066] [DEBUG] cheese - admin
[2020-10-09T15:11:33.079] [DEBUG] cheese - null
[2020-10-09T15:11:33.079] [DEBUG] cheese - null
[2020-10-09T15:11:36.938] [DEBUG] cheese - login => username:admin,password:123456
[2020-10-09T15:11:36.938] [DEBUG] cheese - admin
[2020-10-09T15:11:36.943] [DEBUG] cheese - null
[2020-10-09T15:11:36.944] [DEBUG] cheese - null
[2020-10-09T16:33:20.030] [DEBUG] cheese - login => username:admin,password:123456
[2020-10-09T16:33:20.032] [DEBUG] cheese - admin
[2020-10-09T16:33:20.080] [DEBUG] cheese - null
[2020-10-09T16:33:20.081] [DEBUG] cheese - null
[2020-10-12T10:03:03.879] [DEBUG] cheese - login => username:admin,password:123456
[2020-10-12T10:03:03.881] [DEBUG] cheese - admin
[2020-10-12T10:03:03.903] [DEBUG] cheese - null
[2020-10-12T10:03:03.904] [DEBUG] cheese - null
[2020-10-12T13:42:17.130] [DEBUG] cheese - login => username:admin,password:123456
[2020-10-12T13:42:17.138] [DEBUG] cheese - admin
[2020-10-12T13:42:17.189] [DEBUG] cheese - null
[2020-10-12T13:42:17.189] [DEBUG] cheese - null
[2020-10-14T09:38:19.491] [DEBUG] cheese - login => username:admin,password:123456
[2020-10-14T09:38:19.494] [DEBUG] cheese - admin
[2020-10-14T09:38:19.530] [DEBUG] cheese - null
[2020-10-14T09:38:19.531] [DEBUG] cheese - null
[2020-10-14T09:54:28.238] [DEBUG] cheese - login => username:admin,password:123456
[2020-10-14T09:54:28.238] [DEBUG] cheese - admin
[2020-10-14T09:54:28.242] [DEBUG] cheese - null
[2020-10-14T09:54:28.242] [DEBUG] cheese - null
[2020-10-14T09:58:29.955] [DEBUG] cheese - login => username:admin,password:123456
[2020-10-14T09:58:29.955] [DEBUG] cheese - admin
[2020-10-14T09:58:29.959] [DEBUG] cheese - null
[2020-10-14T09:58:29.959] [DEBUG] cheese - null
[2020-10-14T09:58:41.498] [DEBUG] cheese - login => username:admin,password:123456
[2020-10-14T09:58:41.500] [DEBUG] cheese - admin
[2020-10-14T09:58:41.505] [DEBUG] cheese - null
[2020-10-14T09:58:41.505] [DEBUG] cheese - null
[2020-10-14T09:58:58.687] [DEBUG] cheese - login => username:admin,password:123456
[2020-10-14T09:58:58.687] [DEBUG] cheese - admin
[2020-10-14T09:58:58.692] [DEBUG] cheese - null
[2020-10-14T09:58:58.692] [DEBUG] cheese - null
[2020-10-14T10:07:24.569] [DEBUG] cheese - login => username:admin,password:123456
[2020-10-14T10:07:24.569] [DEBUG] cheese - admin
[2020-10-14T10:07:24.573] [DEBUG] cheese - null
[2020-10-14T10:07:24.573] [DEBUG] cheese - null
[2020-10-14T10:07:31.790] [DEBUG] cheese - login => username:admin,password:123456
[2020-10-14T10:07:31.790] [DEBUG] cheese - admin
[2020-10-14T10:07:31.793] [DEBUG] cheese - null
[2020-10-14T10:07:31.793] [DEBUG] cheese - null
[2020-10-14T10:07:40.286] [DEBUG] cheese - login => username:admin,password:123456
[2020-10-14T10:07:40.286] [DEBUG] cheese - admin
[2020-10-14T10:07:40.290] [DEBUG] cheese - null
[2020-10-14T10:07:40.290] [DEBUG] cheese - null
[2020-10-14T10:07:59.996] [DEBUG] cheese - login => username:admin,password:123456
[2020-10-14T10:07:59.996] [DEBUG] cheese - admin
[2020-10-14T10:08:00.002] [DEBUG] cheese - null
[2020-10-14T10:08:00.002] [DEBUG] cheese - null
[2020-10-14T10:12:02.549] [DEBUG] cheese - login => username:admin,password:123456
[2020-10-14T10:12:02.549] [DEBUG] cheese - admin
[2020-10-14T10:12:02.554] [DEBUG] cheese - null
[2020-10-14T10:12:02.554] [DEBUG] cheese - null
[2020-10-14T10:12:50.128] [DEBUG] cheese - login => username:admin,password:123456
[2020-10-14T10:12:50.128] [DEBUG] cheese - admin
[2020-10-14T10:12:50.134] [DEBUG] cheese - null
[2020-10-14T10:12:50.134] [DEBUG] cheese - null
[2020-10-14T10:13:04.312] [DEBUG] cheese - login => username:admin,password:123456
[2020-10-14T10:13:04.312] [DEBUG] cheese - admin
[2020-10-14T10:13:04.317] [DEBUG] cheese - null
[2020-10-14T10:13:04.317] [DEBUG] cheese - null
[2020-10-14T10:13:23.206] [DEBUG] cheese - login => username:admin,password:123456
[2020-10-14T10:13:23.206] [DEBUG] cheese - admin
[2020-10-14T10:13:23.210] [DEBUG] cheese - null
[2020-10-14T10:13:23.210] [DEBUG] cheese - null
[2020-10-14T10:14:32.294] [DEBUG] cheese - login => username:admin,password:123456
[2020-10-14T10:14:32.295] [DEBUG] cheese - admin
[2020-10-14T10:14:32.300] [DEBUG] cheese - null
[2020-10-14T10:14:32.300] [DEBUG] cheese - null
[2020-10-14T10:15:14.915] [DEBUG] cheese - login => username:admin,password:123456
[2020-10-14T10:15:14.915] [DEBUG] cheese - admin
[2020-10-14T10:15:14.920] [DEBUG] cheese - null
[2020-10-14T10:15:14.920] [DEBUG] cheese - null
[2020-10-14T10:15:23.666] [DEBUG] cheese - login => username:admin,password:123456
[2020-10-14T10:15:23.666] [DEBUG] cheese - admin
[2020-10-14T10:15:23.669] [DEBUG] cheese - null
[2020-10-14T10:15:23.669] [DEBUG] cheese - null
[2020-10-14T10:15:36.656] [DEBUG] cheese - login => username:admin,password:123456
[2020-10-14T10:15:36.656] [DEBUG] cheese - admin
[2020-10-14T10:15:36.660] [DEBUG] cheese - null
[2020-10-14T10:15:36.660] [DEBUG] cheese - null
[2020-10-14T13:49:01.120] [DEBUG] cheese - login => username:admin,password:123456
[2020-10-14T13:49:01.120] [DEBUG] cheese - admin
[2020-10-14T13:49:01.157] [DEBUG] cheese - null
[2020-10-14T13:49:01.158] [DEBUG] cheese - null
[2020-10-14T13:57:50.276] [DEBUG] cheese - login => username:admin,password:123456
[2020-10-14T13:57:50.277] [DEBUG] cheese - admin
[2020-10-14T13:57:50.281] [DEBUG] cheese - null
[2020-10-14T13:57:50.281] [DEBUG] cheese - null
